Using pre-set license
Built from '2022.3/staging' branch; Version is '2022.3.11f1 (d00248457e15) revision 13632072'; Using compiler version '192829333'; Build Type 'Release'
OS: 'Windows 10  (10.0.19045) 64bit Professional' Language: 'en' Physical Memory: 65259 MB
BatchMode: 1, IsHumanControllingUs: 0, StartBugReporterOnCrash: 0, Is64bit: 1, IsPro: 1

COMMAND LINE ARGUMENTS:
C:\Program Files\Unity\Hub\Editor\2022.3.11f1\Editor\Unity.exe
-adb2
-batchMode
-noUpm
-name
AssetImportWorker2
-projectPath
C:/Users/janderson/Documents/GitHub/Touch_Base_AR/Touch_Base_AR
-logFile
Logs/AssetImportWorker2.log
-srvPort
51840
Successfully changed project path to: C:/Users/janderson/Documents/GitHub/Touch_Base_AR/Touch_Base_AR
C:/Users/janderson/Documents/GitHub/Touch_Base_AR/Touch_Base_AR
[UnityMemory] Configuration Parameters - Can be set up in boot.config
    "memorysetup-bucket-allocator-granularity=16"
    "memorysetup-bucket-allocator-bucket-count=8"
    "memorysetup-bucket-allocator-block-size=33554432"
    "memorysetup-bucket-allocator-block-count=8"
    "memorysetup-main-allocator-block-size=16777216"
    "memorysetup-thread-allocator-block-size=16777216"
    "memorysetup-gfx-main-allocator-block-size=16777216"
    "memorysetup-gfx-thread-allocator-block-size=16777216"
    "memorysetup-cache-allocator-block-size=4194304"
    "memorysetup-typetree-allocator-block-size=2097152"
    "memorysetup-profiler-bucket-allocator-granularity=16"
    "memorysetup-profiler-bucket-allocator-bucket-count=8"
    "memorysetup-profiler-bucket-allocator-block-size=33554432"
    "memorysetup-profiler-bucket-allocator-block-count=8"
    "memorysetup-profiler-allocator-block-size=16777216"
    "memorysetup-profiler-editor-allocator-block-size=1048576"
    "memorysetup-temp-allocator-size-main=16777216"
    "memorysetup-job-temp-allocator-block-size=2097152"
    "memorysetup-job-temp-allocator-block-size-background=1048576"
    "memorysetup-job-temp-allocator-reduction-small-platforms=262144"
    "memorysetup-allocator-temp-initial-block-size-main=262144"
    "memorysetup-allocator-temp-initial-block-size-worker=262144"
    "memorysetup-temp-allocator-size-background-worker=32768"
    "memorysetup-temp-allocator-size-job-worker=262144"
    "memorysetup-temp-allocator-size-preload-manager=33554432"
    "memorysetup-temp-allocator-size-nav-mesh-worker=65536"
    "memorysetup-temp-allocator-size-audio-worker=65536"
    "memorysetup-temp-allocator-size-cloud-worker=32768"
    "memorysetup-temp-allocator-size-gi-baking-worker=262144"
    "memorysetup-temp-allocator-size-gfx=262144"
Player connection [34012] Host "[IP] 192.168.12.21 [Port] 0 [Flags] 2 [Guid] 3712591811 [EditorId] 3712591811 [Version] 1048832 [Id] WindowsEditor(7,MD-jandersonlpt) [Debug] 1 [PackageName] WindowsEditor [ProjectName] Editor" joined multi-casting on [225.0.0.222:54997]...

Player connection [34012] Host "[IP] 192.168.12.21 [Port] 0 [Flags] 2 [Guid] 3712591811 [EditorId] 3712591811 [Version] 1048832 [Id] WindowsEditor(7,MD-jandersonlpt) [Debug] 1 [PackageName] WindowsEditor [ProjectName] Editor" joined alternative multi-casting on [225.0.0.222:34997]...

[Physics::Module] Initialized MultithreadedJobDispatcher with 15 workers.
Refreshing native plugins compatible for Editor in 19.99 ms, found 3 plugins.
Preloading 0 native plugins for Editor in 0.00 ms.
Initialize engine version: 2022.3.11f1 (d00248457e15)
[Subsystems] Discovering subsystems at path C:/Program Files/Unity/Hub/Editor/2022.3.11f1/Editor/Data/Resources/UnitySubsystems
[Subsystems] Discovering subsystems at path C:/Users/janderson/Documents/GitHub/Touch_Base_AR/Touch_Base_AR/Assets
GfxDevice: creating device client; threaded=0; jobified=0
Direct3D:
    Version:  Direct3D 11.0 [level 11.1]
    Renderer: NVIDIA GeForce RTX 3060 Laptop GPU (ID=0x2520)
    Vendor:   NVIDIA
    VRAM:     6009 MB
    Driver:   31.0.15.3209
Initialize mono
Mono path[0] = 'C:/Program Files/Unity/Hub/Editor/2022.3.11f1/Editor/Data/Managed'
Mono path[1] = 'C:/Program Files/Unity/Hub/Editor/2022.3.11f1/Editor/Data/MonoBleedingEdge/lib/mono/unityjit-win32'
Mono config path = 'C:/Program Files/Unity/Hub/Editor/2022.3.11f1/Editor/Data/MonoBleedingEdge/etc'
Using monoOptions --debugger-agent=transport=dt_socket,embedding=1,server=y,suspend=n,address=127.0.0.1:56020
Begin MonoManager ReloadAssembly
Registering precompiled unity dll's ...
Register platform support module: C:/Program Files/Unity/Hub/Editor/2022.3.11f1/Editor/Data/PlaybackEngines/AndroidPlayer/UnityEditor.Android.Extensions.dll
Register platform support module: C:/Program Files/Unity/Hub/Editor/2022.3.11f1/Editor/Data/PlaybackEngines/iOSSupport/UnityEditor.iOS.Extensions.dll
Register platform support module: C:/Program Files/Unity/Hub/Editor/2022.3.11f1/Editor/Data/PlaybackEngines/WindowsStandaloneSupport/UnityEditor.WindowsStandalone.Extensions.dll
Registered in 0.015331 seconds.
- Loaded All Assemblies, in  0.546 seconds
Native extension for WindowsStandalone target not found
[usbmuxd] Start listen thread
[usbmuxd] Listen thread started
Native extension for iOS target not found
Native extension for Android target not found
Android Extension - Scanning For ADB Devices 374 ms
Mono: successfully reloaded assembly
- Finished resetting the current domain, in  0.659 seconds
Domain Reload Profiling: 1202ms
	BeginReloadAssembly (265ms)
		ExecutionOrderSort (0ms)
		DisableScriptedObjects (0ms)
		BackupInstance (0ms)
		ReleaseScriptingObjects (0ms)
		CreateAndSetChildDomain (1ms)
	RebuildCommonClasses (38ms)
	RebuildNativeTypeToScriptingClass (11ms)
	initialDomainReloadingComplete (65ms)
	LoadAllAssembliesAndSetupDomain (164ms)
		LoadAssemblies (265ms)
		RebuildTransferFunctionScriptingTraits (0ms)
		AnalyzeDomain (159ms)
			TypeCache.Refresh (158ms)
				TypeCache.ScanAssembly (142ms)
			ScanForSourceGeneratedMonoScriptInfo (0ms)
			ResolveRequiredComponents (0ms)
	FinalizeReload (659ms)
		ReleaseScriptCaches (0ms)
		RebuildScriptCaches (0ms)
		SetupLoadedEditorAssemblies (610ms)
			LogAssemblyErrors (0ms)
			InitializePlatformSupportModulesInManaged (507ms)
			SetLoadedEditorAssemblies (3ms)
			RefreshPlugins (0ms)
			BeforeProcessingInitializeOnLoad (2ms)
			ProcessInitializeOnLoadAttributes (65ms)
			ProcessInitializeOnLoadMethodAttributes (33ms)
			AfterProcessingInitializeOnLoad (0ms)
			EditorAssembliesLoaded (0ms)
		ExecutionOrderSort2 (0ms)
		AwakeInstancesAfterBackupRestoration (0ms)
========================================================================
Worker process is ready to serve import requests
Begin MonoManager ReloadAssembly
- Loaded All Assemblies, in  5.144 seconds
Refreshing native plugins compatible for Editor in 12.59 ms, found 3 plugins.
Native extension for WindowsStandalone target not found
Native extension for iOS target not found
Native extension for Android target not found
Package Manager log level set to [2]
[Package Manager] Server::EnsureServerProcessIsRunning -- launch failed, reason: Unity was launched with the -noUpm command-line argument
[Package Manager] UpmClient::Send -- Unable to send message (not connected to UPM process).
[Package Manager] Cannot connect to Unity Package Manager local server
[Package Manager] Server::EnsureServerProcessIsRunning -- launch failed, reason: Unity was launched with the -noUpm command-line argument
[Package Manager] UpmClient::Send -- Unable to send message (not connected to UPM process).
[Package Manager] Cannot connect to Unity Package Manager local server
Mono: successfully reloaded assembly
[Package Manager] Server::EnsureServerProcessIsRunning -- launch failed, reason: Unity was launched with the -noUpm command-line argument
[Package Manager] UpmClient::Send -- Unable to send message (not connected to UPM process).
[Package Manager] Cannot connect to Unity Package Manager local server
[Package Manager] Server::EnsureServerProcessIsRunning -- launch failed, reason: Unity was launched with the -noUpm command-line argument
[Package Manager] UpmClient::Send -- Unable to send message (not connected to UPM process).
[Package Manager] Cannot connect to Unity Package Manager local server
- Finished resetting the current domain, in  0.614 seconds
Domain Reload Profiling: 5756ms
	BeginReloadAssembly (154ms)
		ExecutionOrderSort (0ms)
		DisableScriptedObjects (4ms)
		BackupInstance (0ms)
		ReleaseScriptingObjects (0ms)
		CreateAndSetChildDomain (18ms)
	RebuildCommonClasses (29ms)
	RebuildNativeTypeToScriptingClass (8ms)
	initialDomainReloadingComplete (40ms)
	LoadAllAssembliesAndSetupDomain (4910ms)
		LoadAssemblies (4880ms)
		RebuildTransferFunctionScriptingTraits (0ms)
		AnalyzeDomain (137ms)
			TypeCache.Refresh (117ms)
				TypeCache.ScanAssembly (94ms)
			ScanForSourceGeneratedMonoScriptInfo (15ms)
			ResolveRequiredComponents (4ms)
	FinalizeReload (615ms)
		ReleaseScriptCaches (0ms)
		RebuildScriptCaches (0ms)
		SetupLoadedEditorAssemblies (440ms)
			LogAssemblyErrors (0ms)
			InitializePlatformSupportModulesInManaged (31ms)
			SetLoadedEditorAssemblies (2ms)
			RefreshPlugins (0ms)
			BeforeProcessingInitializeOnLoad (56ms)
			ProcessInitializeOnLoadAttributes (312ms)
			ProcessInitializeOnLoadMethodAttributes (30ms)
			AfterProcessingInitializeOnLoad (9ms)
			EditorAssembliesLoaded (0ms)
		ExecutionOrderSort2 (0ms)
		AwakeInstancesAfterBackupRestoration (12ms)
Launched and connected shader compiler UnityShaderCompiler.exe after 0.09 seconds
Refreshing native plugins compatible for Editor in 13.79 ms, found 3 plugins.
Preloading 0 native plugins for Editor in 0.00 ms.
Unloading 2966 Unused Serialized files (Serialized files now loaded: 0)
Unloading 60 unused Assets / (2.7 MB). Loaded Objects now: 3425.
Memory consumption went from 144.4 MB to 141.7 MB.
Total: 4.052900 ms (FindLiveObjects: 0.433700 ms CreateObjectMapping: 0.220900 ms MarkObjects: 2.540000 ms  DeleteObjects: 0.857400 ms)

AssetImportParameters requested are different than current active one (requested -> active):
  custom:video-decoder-webm-vp8: 9c59270c3fd7afecdb556c50c9e8de78 -> 
  custom:SearchIndexIgnoredProperties: e643bd26f0fe6173181afceb89e7c659 -> 
  custom:container-demuxer-ogg: 62fdf1f143b41e24485cea50d1cbac27 -> 
  custom:AudioImporter_EditorPlatform: d09bf68614088b80899f8185d706f6e7 -> 
  custom:video-codec-MediaFoundation-h265: 746d11721c4dcdbdad8f713fa42b33f4 -> 
  custom:video-decoder-ogg-theora: a1e56fd34408186e4bbccfd4996cb3dc -> 
  custom:framework-win-MediaFoundation: 216162199b28c13a410421893ffa2e32 -> 
  custom:video-encoder-webm-vp8: eb34c28f22e8b96e1ab97ce403110664 -> 
  custom:audio-decoder-ogg-vorbis: bf7c407c2cedff20999df2af8eb42d56 -> 
  custom:CustomObjectIndexerAttribute: 756ad292c208cfabdd7b50bc23989ffe -> 
  custom:container-demuxer-webm: 4f35f7cbe854078d1ac9338744f61a02 -> 
  custom:audio-encoder-webm-vorbis: bf7c407c2cedff20999df2af8eb42d56 -> 
  custom:container-muxer-webm: aa71ff27fc2769a1b78a27578f13a17b -> 
========================================================================
Received Import Request.
  Time since last request: 5327.567145 seconds.
  path: Assets/TB_Imports/Simple Table Example.fbx
  artifactKey: Guid(b832059b8419d094297d2d6d528d0446) Importer(815301076,1909f56bfc062723c751e8b465ee728b)
Start importing Assets/TB_Imports/Simple Table Example.fbx using Guid(b832059b8419d094297d2d6d528d0446) Importer(815301076,1909f56bfc062723c751e8b465ee728b)  -> (artifact id: 'dbb20f2b5da6a4a30ce86c4ff214e664') in 0.361211 seconds
Number of updated asset objects reloaded before import = 0
Number of asset objects unloaded after import = 385
========================================================================
Received Import Request.
  Time since last request: 18.147285 seconds.
  path: Assets/TB_Imports/Simple Table Example.fbx
  artifactKey: Guid(b832059b8419d094297d2d6d528d0446) Importer(815301076,1909f56bfc062723c751e8b465ee728b)
Start importing Assets/TB_Imports/Simple Table Example.fbx using Guid(b832059b8419d094297d2d6d528d0446) Importer(815301076,1909f56bfc062723c751e8b465ee728b)  -> (artifact id: 'eb0dda87b81fd90f3513685a5ed5cf24') in 0.220325 seconds
Number of updated asset objects reloaded before import = 0
Number of asset objects unloaded after import = 385
========================================================================
Received Import Request.
  Time since last request: 15.917352 seconds.
  path: Assets/_Student PrefabBundles
  artifactKey: Guid(71279701271ccdf47b63b438017e9292) Importer(815301076,1909f56bfc062723c751e8b465ee728b)
Start importing Assets/_Student PrefabBundles using Guid(71279701271ccdf47b63b438017e9292) Importer(815301076,1909f56bfc062723c751e8b465ee728b)  -> (artifact id: 'e8f2dc28743227cbd0024f503a03f1a6') in 0.000770 seconds
Number of updated asset objects reloaded before import = 0
Number of asset objects unloaded after import = 0
========================================================================
Received Import Request.
  Time since last request: 12.975872 seconds.
  path: Assets/_Student PrefabBundles/IOS
  artifactKey: Guid(c6830ab87c690c8458e53106a471db62) Importer(815301076,1909f56bfc062723c751e8b465ee728b)
Start importing Assets/_Student PrefabBundles/IOS using Guid(c6830ab87c690c8458e53106a471db62) Importer(815301076,1909f56bfc062723c751e8b465ee728b)  -> (artifact id: '132589811d765b748d6eccd3b09bcc36') in 0.000710 seconds
Number of updated asset objects reloaded before import = 0
Number of asset objects unloaded after import = 0
========================================================================
Received Import Request.
  Time since last request: 1.895718 seconds.
  path: Assets/TB_PrefabBundles/IOS/Example_iOS_04_Timber Joint.prefab
  artifactKey: Guid(89662ea13879f824ab7689e1a29341e8) Importer(815301076,1909f56bfc062723c751e8b465ee728b)
Start importing Assets/TB_PrefabBundles/IOS/Example_iOS_04_Timber Joint.prefab using Guid(89662ea13879f824ab7689e1a29341e8) Importer(815301076,1909f56bfc062723c751e8b465ee728b)  -> (artifact id: '9c0973a585d7808207e8ff1daf7f0fbb') in 0.039686 seconds
Number of updated asset objects reloaded before import = 0
Number of asset objects unloaded after import = 433
========================================================================
Received Import Request.
  Time since last request: 6.185710 seconds.
  path: Assets/TB_PrefabBundles/IOS/Simple Table Example.prefab
  artifactKey: Guid(e32e3381a2586f241bfd12513c0f1415) Importer(815301076,1909f56bfc062723c751e8b465ee728b)
Start importing Assets/TB_PrefabBundles/IOS/Simple Table Example.prefab using Guid(e32e3381a2586f241bfd12513c0f1415) Importer(815301076,1909f56bfc062723c751e8b465ee728b)  -> (artifact id: 'cbc1ee46e87cb93464444523b847bed7') in 0.065000 seconds
Number of updated asset objects reloaded before import = 0
Number of asset objects unloaded after import = 703
========================================================================
Received Prepare
Refreshing native plugins compatible for Editor in 15.24 ms, found 3 plugins.
Preloading 0 native plugins for Editor in 0.00 ms.
Unloading 20 Unused Serialized files (Serialized files now loaded: 0)
Unloading 21 unused Assets / (2.6 MB). Loaded Objects now: 3469.
Memory consumption went from 87.4 MB to 84.8 MB.
Total: 3.496100 ms (FindLiveObjects: 0.221300 ms CreateObjectMapping: 0.076500 ms MarkObjects: 2.560500 ms  DeleteObjects: 0.636800 ms)

Prepare: number of updated asset objects reloaded= 0
AssetImportParameters requested are different than current active one (requested -> active):
  custom:video-decoder-webm-vp8: 9c59270c3fd7afecdb556c50c9e8de78 -> 
  custom:SearchIndexIgnoredProperties: e643bd26f0fe6173181afceb89e7c659 -> 
  custom:container-demuxer-ogg: 62fdf1f143b41e24485cea50d1cbac27 -> 
  custom:AudioImporter_EditorPlatform: d09bf68614088b80899f8185d706f6e7 -> 
  custom:video-codec-MediaFoundation-h265: 746d11721c4dcdbdad8f713fa42b33f4 -> 
  custom:video-decoder-ogg-theora: a1e56fd34408186e4bbccfd4996cb3dc -> 
  custom:framework-win-MediaFoundation: 216162199b28c13a410421893ffa2e32 -> 
  custom:video-encoder-webm-vp8: eb34c28f22e8b96e1ab97ce403110664 -> 
  custom:audio-decoder-ogg-vorbis: bf7c407c2cedff20999df2af8eb42d56 -> 
  custom:CustomObjectIndexerAttribute: 756ad292c208cfabdd7b50bc23989ffe -> 
  custom:container-demuxer-webm: 4f35f7cbe854078d1ac9338744f61a02 -> 
  custom:audio-encoder-webm-vorbis: bf7c407c2cedff20999df2af8eb42d56 -> 
  custom:container-muxer-webm: aa71ff27fc2769a1b78a27578f13a17b -> 
========================================================================
Received Import Request.
  Time since last request: 48.190013 seconds.
  path: Assets/TB_PrefabBundles/IOS/Simple Table Example.prefab
  artifactKey: Guid(e32e3381a2586f241bfd12513c0f1415) Importer(815301076,1909f56bfc062723c751e8b465ee728b)
Start importing Assets/TB_PrefabBundles/IOS/Simple Table Example.prefab using Guid(e32e3381a2586f241bfd12513c0f1415) Importer(815301076,1909f56bfc062723c751e8b465ee728b)  -> (artifact id: '18b8a28ef06eb138d3a5c0c530d85d54') in 0.071635 seconds
Number of updated asset objects reloaded before import = 0
Number of asset objects unloaded after import = 703
========================================================================
Received Import Request.
  Time since last request: 11.570546 seconds.
  path: Assets/AssetBundles/iOS/ios_inclass_flange.manifest
  artifactKey: Guid(d7dbf34fab1cde242967b5a26d2dfda1) Importer(815301076,1909f56bfc062723c751e8b465ee728b)
Start importing Assets/AssetBundles/iOS/ios_inclass_flange.manifest using Guid(d7dbf34fab1cde242967b5a26d2dfda1) Importer(815301076,1909f56bfc062723c751e8b465ee728b)  -> (artifact id: '00000000000000000000000000000000') in 0.001986 seconds
Import Error Code:(4)
Message: Build asset version error: assets/assetbundles/ios/ios_inclass_flange.manifest in SourceAssetDB has modification time of '2022-04-27T14:44:32.7570747Z' while content on disk has modification time of '2024-01-28T21:41:01.6283771Z'
  ERROR: Build asset version error: assets/assetbundles/ios/ios_inclass_flange.manifest in SourceAssetDB has modification time of '2022-04-27T14:44:32.7570747Z' while content on disk has modification time of '2024-01-28T21:41:01.6283771Z'
Number of updated asset objects reloaded before import = 0
Number of asset objects unloaded after import = 0
========================================================================
Received Import Request.
  Time since last request: 0.000411 seconds.
  path: Assets/AssetBundles/iOS/ios_inclass_flange.manifest
  artifactKey: Guid(d7dbf34fab1cde242967b5a26d2dfda1) Importer(815301076,1909f56bfc062723c751e8b465ee728b)
Start importing Assets/AssetBundles/iOS/ios_inclass_flange.manifest using Guid(d7dbf34fab1cde242967b5a26d2dfda1) Importer(815301076,1909f56bfc062723c751e8b465ee728b)  -> (artifact id: '00000000000000000000000000000000') in 0.001289 seconds
Import Error Code:(4)
Message: Build asset version error: assets/assetbundles/ios/ios_inclass_flange.manifest in SourceAssetDB has modification time of '2022-04-27T14:44:32.7570747Z' while content on disk has modification time of '2024-01-28T21:41:01.6283771Z'
  ERROR: Build asset version error: assets/assetbundles/ios/ios_inclass_flange.manifest in SourceAssetDB has modification time of '2022-04-27T14:44:32.7570747Z' while content on disk has modification time of '2024-01-28T21:41:01.6283771Z'
Number of updated asset objects reloaded before import = 0
Number of asset objects unloaded after import = 0
========================================================================
Received Import Request.
  Time since last request: 0.011108 seconds.
  path: Assets/AssetBundles/iOS/ios_inclass_flange.manifest
  artifactKey: Guid(d7dbf34fab1cde242967b5a26d2dfda1) Importer(815301076,1909f56bfc062723c751e8b465ee728b)
Start importing Assets/AssetBundles/iOS/ios_inclass_flange.manifest using Guid(d7dbf34fab1cde242967b5a26d2dfda1) Importer(815301076,1909f56bfc062723c751e8b465ee728b)  -> (artifact id: '00000000000000000000000000000000') in 0.001687 seconds
Import Error Code:(4)
Message: Build asset version error: assets/assetbundles/ios/ios_inclass_flange.manifest in SourceAssetDB has modification time of '2022-04-27T14:44:32.7570747Z' while content on disk has modification time of '2024-01-28T21:41:01.6283771Z'
  ERROR: Build asset version error: assets/assetbundles/ios/ios_inclass_flange.manifest in SourceAssetDB has modification time of '2022-04-27T14:44:32.7570747Z' while content on disk has modification time of '2024-01-28T21:41:01.6283771Z'
Number of updated asset objects reloaded before import = 0
Number of asset objects unloaded after import = 0
========================================================================
Received Import Request.
  Time since last request: 0.016242 seconds.
  path: Assets/AssetBundles/iOS/ios_inclass_flange.manifest
  artifactKey: Guid(d7dbf34fab1cde242967b5a26d2dfda1) Importer(815301076,1909f56bfc062723c751e8b465ee728b)
Start importing Assets/AssetBundles/iOS/ios_inclass_flange.manifest using Guid(d7dbf34fab1cde242967b5a26d2dfda1) Importer(815301076,1909f56bfc062723c751e8b465ee728b)  -> (artifact id: '00000000000000000000000000000000') in 0.001519 seconds
Import Error Code:(4)
Message: Build asset version error: assets/assetbundles/ios/ios_inclass_flange.manifest in SourceAssetDB has modification time of '2022-04-27T14:44:32.7570747Z' while content on disk has modification time of '2024-01-28T21:41:01.6283771Z'
  ERROR: Build asset version error: assets/assetbundles/ios/ios_inclass_flange.manifest in SourceAssetDB has modification time of '2022-04-27T14:44:32.7570747Z' while content on disk has modification time of '2024-01-28T21:41:01.6283771Z'
Number of updated asset objects reloaded before import = 0
Number of asset objects unloaded after import = 0
========================================================================
Received Import Request.
  Time since last request: 0.010943 seconds.
  path: Assets/AssetBundles/iOS/ios_inclass_flange.manifest
  artifactKey: Guid(d7dbf34fab1cde242967b5a26d2dfda1) Importer(815301076,1909f56bfc062723c751e8b465ee728b)
Start importing Assets/AssetBundles/iOS/ios_inclass_flange.manifest using Guid(d7dbf34fab1cde242967b5a26d2dfda1) Importer(815301076,1909f56bfc062723c751e8b465ee728b)  -> (artifact id: '00000000000000000000000000000000') in 0.002005 seconds
Import Error Code:(4)
Message: Build asset version error: assets/assetbundles/ios/ios_inclass_flange.manifest in SourceAssetDB has modification time of '2022-04-27T14:44:32.7570747Z' while content on disk has modification time of '2024-01-28T21:41:01.6283771Z'
  ERROR: Build asset version error: assets/assetbundles/ios/ios_inclass_flange.manifest in SourceAssetDB has modification time of '2022-04-27T14:44:32.7570747Z' while content on disk has modification time of '2024-01-28T21:41:01.6283771Z'
Number of updated asset objects reloaded before import = 0
Number of asset objects unloaded after import = 0
========================================================================
Received Import Request.
  Time since last request: 0.010894 seconds.
  path: Assets/AssetBundles/iOS/ios_inclass_flange.manifest
  artifactKey: Guid(d7dbf34fab1cde242967b5a26d2dfda1) Importer(815301076,1909f56bfc062723c751e8b465ee728b)
Start importing Assets/AssetBundles/iOS/ios_inclass_flange.manifest using Guid(d7dbf34fab1cde242967b5a26d2dfda1) Importer(815301076,1909f56bfc062723c751e8b465ee728b)  -> (artifact id: '00000000000000000000000000000000') in 0.002137 seconds
Import Error Code:(4)
Message: Build asset version error: assets/assetbundles/ios/ios_inclass_flange.manifest in SourceAssetDB has modification time of '2022-04-27T14:44:32.7570747Z' while content on disk has modification time of '2024-01-28T21:41:01.6283771Z'
  ERROR: Build asset version error: assets/assetbundles/ios/ios_inclass_flange.manifest in SourceAssetDB has modification time of '2022-04-27T14:44:32.7570747Z' while content on disk has modification time of '2024-01-28T21:41:01.6283771Z'
Number of updated asset objects reloaded before import = 0
Number of asset objects unloaded after import = 0
========================================================================
Received Import Request.
  Time since last request: 0.011126 seconds.
  path: Assets/AssetBundles/iOS/ios_inclass_flange.manifest
  artifactKey: Guid(d7dbf34fab1cde242967b5a26d2dfda1) Importer(815301076,1909f56bfc062723c751e8b465ee728b)
Start importing Assets/AssetBundles/iOS/ios_inclass_flange.manifest using Guid(d7dbf34fab1cde242967b5a26d2dfda1) Importer(815301076,1909f56bfc062723c751e8b465ee728b)  -> (artifact id: '00000000000000000000000000000000') in 0.001746 seconds
Import Error Code:(4)
Message: Build asset version error: assets/assetbundles/ios/ios_inclass_flange.manifest in SourceAssetDB has modification time of '2022-04-27T14:44:32.7570747Z' while content on disk has modification time of '2024-01-28T21:41:01.6283771Z'
  ERROR: Build asset version error: assets/assetbundles/ios/ios_inclass_flange.manifest in SourceAssetDB has modification time of '2022-04-27T14:44:32.7570747Z' while content on disk has modification time of '2024-01-28T21:41:01.6283771Z'
Number of updated asset objects reloaded before import = 0
Number of asset objects unloaded after import = 0
========================================================================
Received Import Request.
  Time since last request: 2.839898 seconds.
  path: Assets/AssetBundles/iOS/ios_inclass_flange.manifest
  artifactKey: Guid(d7dbf34fab1cde242967b5a26d2dfda1) Importer(815301076,1909f56bfc062723c751e8b465ee728b)
Start importing Assets/AssetBundles/iOS/ios_inclass_flange.manifest using Guid(d7dbf34fab1cde242967b5a26d2dfda1) Importer(815301076,1909f56bfc062723c751e8b465ee728b)  -> (artifact id: '7e98cd4ac7908c41b07f0904deb074ad') in 0.001562 seconds
Number of updated asset objects reloaded before import = 0
Number of asset objects unloaded after import = 1
========================================================================
Received Import Request.
  Time since last request: 2.590655 seconds.
  path: Assets/AssetBundles/iOS/jeff_simpletableexample.manifest
  artifactKey: Guid(20e883427c41dba46901ec38accd54ab) Importer(815301076,1909f56bfc062723c751e8b465ee728b)
Start importing Assets/AssetBundles/iOS/jeff_simpletableexample.manifest using Guid(20e883427c41dba46901ec38accd54ab) Importer(815301076,1909f56bfc062723c751e8b465ee728b)  -> (artifact id: '711259f9532be4ac54842dbe5df1af93') in 0.001943 seconds
Number of updated asset objects reloaded before import = 0
Number of asset objects unloaded after import = 1
========================================================================
Received Import Request.
  Time since last request: 0.519965 seconds.
  path: Assets/AssetBundles/iOS/jeff_simpletableexample
  artifactKey: Guid(cc6a9ba33fa00aa4c8886f23d8165a4f) Importer(815301076,1909f56bfc062723c751e8b465ee728b)
Start importing Assets/AssetBundles/iOS/jeff_simpletableexample using Guid(cc6a9ba33fa00aa4c8886f23d8165a4f) Importer(815301076,1909f56bfc062723c751e8b465ee728b)  -> (artifact id: '5855e65ff1b2ee3c4f816a478fa64c64') in 0.000876 seconds
Number of updated asset objects reloaded before import = 0
Number of asset objects unloaded after import = 1
========================================================================
Received Import Request.
  Time since last request: 255.666626 seconds.
  path: Assets/TB_PrefabBundles
  artifactKey: Guid(0061857dac81a9241975643a96c1d53b) Importer(815301076,1909f56bfc062723c751e8b465ee728b)
Start importing Assets/TB_PrefabBundles using Guid(0061857dac81a9241975643a96c1d53b) Importer(815301076,1909f56bfc062723c751e8b465ee728b)  -> (artifact id: 'f8732991535a25b0718157068f924761') in 0.000983 seconds
Number of updated asset objects reloaded before import = 0
Number of asset objects unloaded after import = 0
